{"C:\\Users\\Maarja\\Documents\\Kooliasjad\\Magister\\Esimene semester\\Protsessid ja kvaliteet\\Projekt\\app\\unit tests\\spec\\spec.js":{"path":"C:\\Users\\Maarja\\Documents\\Kooliasjad\\Magister\\Esimene semester\\Protsessid ja kvaliteet\\Projekt\\app\\unit tests\\spec\\spec.js","s":{"1":1,"2":0,"3":0,"4":0,"5":0,"6":0,"7":0,"8":0,"9":0,"10":0,"11":0,"12":0,"13":0,"14":0,"15":0,"16":0,"17":0,"18":0,"19":0,"20":0,"21":0,"22":0,"23":0,"24":0,"25":0,"26":0,"27":0,"28":0,"29":0,"30":0,"31":0,"32":0,"33":0,"34":0,"35":0,"36":0,"37":0,"38":0,"39":0,"40":0,"41":0,"42":0,"43":0,"44":0,"45":0,"46":0,"47":0,"48":0,"49":0,"50":0,"51":0,"52":0,"53":0,"54":0,"55":0,"56":0,"57":0,"58":0,"59":0,"60":0,"61":0,"62":0,"63":0,"64":0,"65":0,"66":0,"67":0,"68":0,"69":0,"70":0,"71":0,"72":0,"73":0,"74":0,"75":0,"76":0,"77":0,"78":0,"79":0,"80":0,"81":0,"82":0,"83":0,"84":0,"85":0,"86":0,"87":0,"88":0,"89":0,"90":0,"91":0,"92":0,"93":0,"94":0,"95":0,"96":0,"97":0,"98":0,"99":0,"100":0,"101":0,"102":0,"103":0,"104":0,"105":0,"106":0,"107":0,"108":0,"109":0,"110":0,"111":0,"112":0,"113":0,"114":0,"115":0,"116":0,"117":0,"118":0,"119":0,"120":0,"121":0,"122":0,"123":0,"124":0,"125":0,"126":0,"127":0,"128":0,"129":0,"130":0,"131":0,"132":0,"133":0,"134":0,"135":0,"136":0,"137":0,"138":0,"139":0,"140":0,"141":0,"142":0,"143":0,"144":0,"145":0,"146":0,"147":0,"148":0,"149":0,"150":0,"151":0,"152":0,"153":0,"154":0,"155":0,"156":0,"157":0,"158":0,"159":0,"160":0,"161":0,"162":0,"163":0,"164":0,"165":0,"166":0,"167":0,"168":0,"169":0,"170":0,"171":0,"172":0,"173":0,"174":0,"175":0,"176":0,"177":0,"178":0,"179":0,"180":0,"181":0,"182":0,"183":0,"184":0,"185":0,"186":0,"187":0,"188":0,"189":0,"190":0,"191":0,"192":0,"193":0,"194":0,"195":0,"196":0,"197":0,"198":0,"199":0,"200":0,"201":0,"202":0,"203":0,"204":0,"205":0,"206":0,"207":0,"208":0,"209":0,"210":0,"211":0,"212":0,"213":0,"214":0,"215":0,"216":0,"217":0,"218":0,"219":0,"220":0,"221":0,"222":0,"223":0,"224":0,"225":0,"226":0,"227":0,"228":0,"229":0,"230":0,"231":0,"232":0,"233":0,"234":0,"235":0,"236":0,"237":0,"238":0,"239":0,"240":0,"241":0,"242":0,"243":0,"244":0,"245":0,"246":0,"247":0,"248":0,"249":0,"250":0,"251":0,"252":0,"253":0,"254":0,"255":0,"256":0,"257":0,"258":0,"259":0,"260":0,"261":0,"262":0,"263":0,"264":0,"265":0,"266":0,"267":0,"268":0,"269":0,"270":0,"271":0,"272":0,"273":0,"274":0,"275":0,"276":0,"277":0,"278":0,"279":0,"280":0,"281":0,"282":0,"283":0,"284":0,"285":0,"286":0,"287":0,"288":0,"289":0,"290":0,"291":0,"292":0,"293":0,"294":0,"295":0,"296":0,"297":0,"298":0,"299":0,"300":0,"301":0,"302":0,"303":0,"304":0,"305":0,"306":0,"307":0,"308":0,"309":0,"310":0,"311":0,"312":0,"313":0,"314":0,"315":0,"316":0,"317":0,"318":0,"319":0,"320":0,"321":0,"322":0,"323":0,"324":0,"325":0},"b":{},"f":{"1":0,"2":0,"3":0,"4":0,"5":0,"6":0,"7":0,"8":0,"9":0,"10":0,"11":0,"12":0,"13":0,"14":0,"15":0,"16":0,"17":0,"18":0,"19":0,"20":0,"21":0,"22":0,"23":0,"24":0,"25":0,"26":0,"27":0,"28":0,"29":0,"30":0,"31":0,"32":0,"33":0,"34":0,"35":0,"36":0,"37":0,"38":0,"39":0,"40":0,"41":0,"42":0,"43":0,"44":0,"45":0,"46":0,"47":0,"48":0,"49":0,"50":0,"51":0,"52":0,"53":0,"54":0,"55":0,"56":0,"57":0,"58":0,"59":0,"60":0,"61":0,"62":0,"63":0,"64":0,"65":0,"66":0,"67":0,"68":0,"69":0,"70":0,"71":0,"72":0,"73":0},"fnMap":{"1":{"name":"(anonymous_1)","line":1,"loc":{"start":{"line":1,"column":27},"end":{"line":1,"column":38}}},"2":{"name":"(anonymous_2)","line":5,"loc":{"start":{"line":5,"column":20},"end":{"line":5,"column":80}}},"3":{"name":"(anonymous_3)","line":9,"loc":{"start":{"line":9,"column":23},"end":{"line":9,"column":34}}},"4":{"name":"(anonymous_4)","line":17,"loc":{"start":{"line":17,"column":46},"end":{"line":17,"column":57}}},"5":{"name":"(anonymous_5)","line":21,"loc":{"start":{"line":21,"column":35},"end":{"line":21,"column":46}}},"6":{"name":"(anonymous_6)","line":24,"loc":{"start":{"line":24,"column":37},"end":{"line":24,"column":48}}},"7":{"name":"(anonymous_7)","line":27,"loc":{"start":{"line":27,"column":36},"end":{"line":27,"column":48}}},"8":{"name":"(anonymous_8)","line":29,"loc":{"start":{"line":29,"column":52},"end":{"line":29,"column":64}}},"9":{"name":"(anonymous_9)","line":35,"loc":{"start":{"line":35,"column":72},"end":{"line":35,"column":84}}},"10":{"name":"(anonymous_10)","line":41,"loc":{"start":{"line":41,"column":40},"end":{"line":41,"column":52}}},"11":{"name":"(anonymous_11)","line":48,"loc":{"start":{"line":48,"column":97},"end":{"line":48,"column":109}}},"12":{"name":"(anonymous_12)","line":56,"loc":{"start":{"line":56,"column":44},"end":{"line":56,"column":56}}},"13":{"name":"(anonymous_13)","line":58,"loc":{"start":{"line":58,"column":37},"end":{"line":58,"column":49}}},"14":{"name":"(anonymous_14)","line":64,"loc":{"start":{"line":64,"column":40},"end":{"line":64,"column":52}}},"15":{"name":"(anonymous_15)","line":71,"loc":{"start":{"line":71,"column":54},"end":{"line":71,"column":66}}},"16":{"name":"(anonymous_16)","line":78,"loc":{"start":{"line":78,"column":48},"end":{"line":78,"column":60}}},"17":{"name":"(anonymous_17)","line":87,"loc":{"start":{"line":87,"column":41},"end":{"line":87,"column":53}}},"18":{"name":"(anonymous_18)","line":89,"loc":{"start":{"line":89,"column":60},"end":{"line":89,"column":72}}},"19":{"name":"(anonymous_19)","line":96,"loc":{"start":{"line":96,"column":55},"end":{"line":96,"column":67}}},"20":{"name":"(anonymous_20)","line":103,"loc":{"start":{"line":103,"column":59},"end":{"line":103,"column":71}}},"21":{"name":"(anonymous_21)","line":110,"loc":{"start":{"line":110,"column":61},"end":{"line":110,"column":73}}},"22":{"name":"(anonymous_22)","line":117,"loc":{"start":{"line":117,"column":61},"end":{"line":117,"column":73}}},"23":{"name":"(anonymous_23)","line":124,"loc":{"start":{"line":124,"column":63},"end":{"line":124,"column":75}}},"24":{"name":"(anonymous_24)","line":132,"loc":{"start":{"line":132,"column":43},"end":{"line":132,"column":55}}},"25":{"name":"(anonymous_25)","line":134,"loc":{"start":{"line":134,"column":78},"end":{"line":134,"column":90}}},"26":{"name":"(anonymous_26)","line":141,"loc":{"start":{"line":141,"column":69},"end":{"line":141,"column":81}}},"27":{"name":"(anonymous_27)","line":149,"loc":{"start":{"line":149,"column":84},"end":{"line":149,"column":96}}},"28":{"name":"(anonymous_28)","line":157,"loc":{"start":{"line":157,"column":98},"end":{"line":157,"column":110}}},"29":{"name":"(anonymous_29)","line":166,"loc":{"start":{"line":166,"column":65},"end":{"line":166,"column":77}}},"30":{"name":"(anonymous_30)","line":175,"loc":{"start":{"line":175,"column":60},"end":{"line":175,"column":72}}},"31":{"name":"(anonymous_31)","line":184,"loc":{"start":{"line":184,"column":69},"end":{"line":184,"column":81}}},"32":{"name":"(anonymous_32)","line":194,"loc":{"start":{"line":194,"column":37},"end":{"line":194,"column":49}}},"33":{"name":"(anonymous_33)","line":196,"loc":{"start":{"line":196,"column":51},"end":{"line":196,"column":63}}},"34":{"name":"(anonymous_34)","line":202,"loc":{"start":{"line":202,"column":48},"end":{"line":202,"column":60}}},"35":{"name":"(anonymous_35)","line":209,"loc":{"start":{"line":209,"column":36},"end":{"line":209,"column":48}}},"36":{"name":"(anonymous_36)","line":211,"loc":{"start":{"line":211,"column":70},"end":{"line":211,"column":82}}},"37":{"name":"(anonymous_37)","line":218,"loc":{"start":{"line":218,"column":69},"end":{"line":218,"column":81}}},"38":{"name":"(anonymous_38)","line":226,"loc":{"start":{"line":226,"column":69},"end":{"line":226,"column":81}}},"39":{"name":"(anonymous_39)","line":234,"loc":{"start":{"line":234,"column":78},"end":{"line":234,"column":90}}},"40":{"name":"(anonymous_40)","line":243,"loc":{"start":{"line":243,"column":63},"end":{"line":243,"column":75}}},"41":{"name":"(anonymous_41)","line":252,"loc":{"start":{"line":252,"column":61},"end":{"line":252,"column":73}}},"42":{"name":"(anonymous_42)","line":261,"loc":{"start":{"line":261,"column":65},"end":{"line":261,"column":77}}},"43":{"name":"(anonymous_43)","line":271,"loc":{"start":{"line":271,"column":35},"end":{"line":271,"column":47}}},"44":{"name":"(anonymous_44)","line":273,"loc":{"start":{"line":273,"column":70},"end":{"line":273,"column":82}}},"45":{"name":"(anonymous_45)","line":280,"loc":{"start":{"line":280,"column":69},"end":{"line":280,"column":81}}},"46":{"name":"(anonymous_46)","line":288,"loc":{"start":{"line":288,"column":70},"end":{"line":288,"column":82}}},"47":{"name":"(anonymous_47)","line":296,"loc":{"start":{"line":296,"column":91},"end":{"line":296,"column":103}}},"48":{"name":"(anonymous_48)","line":305,"loc":{"start":{"line":305,"column":62},"end":{"line":305,"column":74}}},"49":{"name":"(anonymous_49)","line":314,"loc":{"start":{"line":314,"column":60},"end":{"line":314,"column":72}}},"50":{"name":"(anonymous_50)","line":323,"loc":{"start":{"line":323,"column":71},"end":{"line":323,"column":83}}},"51":{"name":"(anonymous_51)","line":333,"loc":{"start":{"line":333,"column":36},"end":{"line":333,"column":48}}},"52":{"name":"(anonymous_52)","line":335,"loc":{"start":{"line":335,"column":51},"end":{"line":335,"column":63}}},"53":{"name":"(anonymous_53)","line":341,"loc":{"start":{"line":341,"column":48},"end":{"line":341,"column":60}}},"54":{"name":"(anonymous_54)","line":348,"loc":{"start":{"line":348,"column":36},"end":{"line":348,"column":48}}},"55":{"name":"(anonymous_55)","line":350,"loc":{"start":{"line":350,"column":37},"end":{"line":350,"column":49}}},"56":{"name":"(anonymous_56)","line":359,"loc":{"start":{"line":359,"column":52},"end":{"line":359,"column":64}}},"57":{"name":"(anonymous_57)","line":367,"loc":{"start":{"line":367,"column":48},"end":{"line":367,"column":60}}},"58":{"name":"(anonymous_58)","line":375,"loc":{"start":{"line":375,"column":59},"end":{"line":375,"column":71}}},"59":{"name":"(anonymous_59)","line":383,"loc":{"start":{"line":383,"column":48},"end":{"line":383,"column":60}}},"60":{"name":"(anonymous_60)","line":391,"loc":{"start":{"line":391,"column":47},"end":{"line":391,"column":59}}},"61":{"name":"(anonymous_61)","line":400,"loc":{"start":{"line":400,"column":40},"end":{"line":400,"column":52}}},"62":{"name":"(anonymous_62)","line":402,"loc":{"start":{"line":402,"column":68},"end":{"line":402,"column":80}}},"63":{"name":"(anonymous_63)","line":410,"loc":{"start":{"line":410,"column":39},"end":{"line":410,"column":51}}},"64":{"name":"(anonymous_64)","line":417,"loc":{"start":{"line":417,"column":62},"end":{"line":417,"column":74}}},"65":{"name":"(anonymous_65)","line":427,"loc":{"start":{"line":427,"column":38},"end":{"line":427,"column":50}}},"66":{"name":"(anonymous_66)","line":429,"loc":{"start":{"line":429,"column":43},"end":{"line":429,"column":55}}},"67":{"name":"(anonymous_67)","line":436,"loc":{"start":{"line":436,"column":52},"end":{"line":436,"column":64}}},"68":{"name":"(anonymous_68)","line":444,"loc":{"start":{"line":444,"column":46},"end":{"line":444,"column":58}}},"69":{"name":"(anonymous_69)","line":446,"loc":{"start":{"line":446,"column":71},"end":{"line":446,"column":82}}},"70":{"name":"(anonymous_70)","line":452,"loc":{"start":{"line":452,"column":68},"end":{"line":452,"column":80}}},"71":{"name":"(anonymous_71)","line":459,"loc":{"start":{"line":459,"column":41},"end":{"line":459,"column":52}}},"72":{"name":"(anonymous_72)","line":461,"loc":{"start":{"line":461,"column":68},"end":{"line":461,"column":79}}},"73":{"name":"(anonymous_73)","line":468,"loc":{"start":{"line":468,"column":69},"end":{"line":468,"column":80}}}},"statementMap":{"1":{"start":{"line":1,"column":0},"end":{"line":475,"column":3}},"2":{"start":{"line":3,"column":2},"end":{"line":3,"column":30}},"3":{"start":{"line":4,"column":2},"end":{"line":4,"column":40}},"4":{"start":{"line":5,"column":2},"end":{"line":14,"column":6}},"5":{"start":{"line":6,"column":4},"end":{"line":6,"column":26}},"6":{"start":{"line":7,"column":4},"end":{"line":7,"column":30}},"7":{"start":{"line":9,"column":4},"end":{"line":13,"column":6}},"8":{"start":{"line":10,"column":6},"end":{"line":12,"column":9}},"9":{"start":{"line":17,"column":2},"end":{"line":19,"column":5}},"10":{"start":{"line":18,"column":4},"end":{"line":18,"column":28}},"11":{"start":{"line":21,"column":2},"end":{"line":22,"column":5}},"12":{"start":{"line":24,"column":2},"end":{"line":25,"column":5}},"13":{"start":{"line":27,"column":2},"end":{"line":54,"column":5}},"14":{"start":{"line":29,"column":4},"end":{"line":33,"column":7}},"15":{"start":{"line":30,"column":6},"end":{"line":30,"column":25}},"16":{"start":{"line":31,"column":6},"end":{"line":31,"column":26}},"17":{"start":{"line":32,"column":6},"end":{"line":32,"column":36}},"18":{"start":{"line":35,"column":4},"end":{"line":39,"column":7}},"19":{"start":{"line":36,"column":6},"end":{"line":36,"column":25}},"20":{"start":{"line":37,"column":6},"end":{"line":37,"column":26}},"21":{"start":{"line":38,"column":6},"end":{"line":38,"column":36}},"22":{"start":{"line":41,"column":4},"end":{"line":46,"column":7}},"23":{"start":{"line":42,"column":6},"end":{"line":42,"column":25}},"24":{"start":{"line":43,"column":6},"end":{"line":43,"column":31}},"25":{"start":{"line":44,"column":6},"end":{"line":44,"column":26}},"26":{"start":{"line":45,"column":6},"end":{"line":45,"column":49}},"27":{"start":{"line":48,"column":4},"end":{"line":53,"column":7}},"28":{"start":{"line":49,"column":6},"end":{"line":49,"column":25}},"29":{"start":{"line":50,"column":6},"end":{"line":50,"column":31}},"30":{"start":{"line":51,"column":6},"end":{"line":51,"column":26}},"31":{"start":{"line":52,"column":6},"end":{"line":52,"column":49}},"32":{"start":{"line":56,"column":2},"end":{"line":85,"column":5}},"33":{"start":{"line":58,"column":4},"end":{"line":62,"column":7}},"34":{"start":{"line":59,"column":6},"end":{"line":59,"column":25}},"35":{"start":{"line":60,"column":6},"end":{"line":60,"column":33}},"36":{"start":{"line":61,"column":6},"end":{"line":61,"column":39}},"37":{"start":{"line":64,"column":4},"end":{"line":69,"column":7}},"38":{"start":{"line":65,"column":6},"end":{"line":65,"column":25}},"39":{"start":{"line":66,"column":6},"end":{"line":66,"column":31}},"40":{"start":{"line":67,"column":6},"end":{"line":67,"column":33}},"41":{"start":{"line":68,"column":6},"end":{"line":68,"column":49}},"42":{"start":{"line":71,"column":4},"end":{"line":76,"column":7}},"43":{"start":{"line":72,"column":6},"end":{"line":72,"column":25}},"44":{"start":{"line":73,"column":6},"end":{"line":73,"column":27}},"45":{"start":{"line":74,"column":6},"end":{"line":74,"column":33}},"46":{"start":{"line":75,"column":6},"end":{"line":75,"column":43}},"47":{"start":{"line":78,"column":4},"end":{"line":82,"column":7}},"48":{"start":{"line":79,"column":6},"end":{"line":79,"column":25}},"49":{"start":{"line":80,"column":6},"end":{"line":80,"column":33}},"50":{"start":{"line":81,"column":6},"end":{"line":81,"column":51}},"51":{"start":{"line":87,"column":2},"end":{"line":130,"column":5}},"52":{"start":{"line":89,"column":4},"end":{"line":94,"column":7}},"53":{"start":{"line":90,"column":6},"end":{"line":90,"column":25}},"54":{"start":{"line":91,"column":6},"end":{"line":91,"column":32}},"55":{"start":{"line":92,"column":6},"end":{"line":92,"column":30}},"56":{"start":{"line":93,"column":6},"end":{"line":93,"column":53}},"57":{"start":{"line":96,"column":4},"end":{"line":101,"column":7}},"58":{"start":{"line":97,"column":6},"end":{"line":97,"column":25}},"59":{"start":{"line":98,"column":6},"end":{"line":98,"column":32}},"60":{"start":{"line":99,"column":6},"end":{"line":99,"column":30}},"61":{"start":{"line":100,"column":6},"end":{"line":100,"column":50}},"62":{"start":{"line":103,"column":4},"end":{"line":108,"column":7}},"63":{"start":{"line":104,"column":6},"end":{"line":104,"column":25}},"64":{"start":{"line":105,"column":6},"end":{"line":105,"column":32}},"65":{"start":{"line":106,"column":6},"end":{"line":106,"column":30}},"66":{"start":{"line":107,"column":6},"end":{"line":107,"column":52}},"67":{"start":{"line":110,"column":4},"end":{"line":115,"column":7}},"68":{"start":{"line":111,"column":6},"end":{"line":111,"column":25}},"69":{"start":{"line":112,"column":6},"end":{"line":112,"column":32}},"70":{"start":{"line":113,"column":6},"end":{"line":113,"column":30}},"71":{"start":{"line":114,"column":6},"end":{"line":114,"column":54}},"72":{"start":{"line":117,"column":4},"end":{"line":122,"column":7}},"73":{"start":{"line":118,"column":6},"end":{"line":118,"column":25}},"74":{"start":{"line":119,"column":6},"end":{"line":119,"column":33}},"75":{"start":{"line":120,"column":6},"end":{"line":120,"column":30}},"76":{"start":{"line":121,"column":6},"end":{"line":121,"column":53}},"77":{"start":{"line":124,"column":4},"end":{"line":129,"column":7}},"78":{"start":{"line":125,"column":6},"end":{"line":125,"column":25}},"79":{"start":{"line":126,"column":6},"end":{"line":126,"column":33}},"80":{"start":{"line":127,"column":6},"end":{"line":127,"column":30}},"81":{"start":{"line":128,"column":6},"end":{"line":128,"column":55}},"82":{"start":{"line":132,"column":2},"end":{"line":192,"column":5}},"83":{"start":{"line":134,"column":4},"end":{"line":139,"column":7}},"84":{"start":{"line":135,"column":6},"end":{"line":135,"column":25}},"85":{"start":{"line":136,"column":6},"end":{"line":136,"column":24}},"86":{"start":{"line":137,"column":6},"end":{"line":137,"column":32}},"87":{"start":{"line":138,"column":6},"end":{"line":138,"column":75}},"88":{"start":{"line":141,"column":4},"end":{"line":147,"column":7}},"89":{"start":{"line":142,"column":6},"end":{"line":142,"column":25}},"90":{"start":{"line":143,"column":6},"end":{"line":143,"column":24}},"91":{"start":{"line":144,"column":6},"end":{"line":144,"column":24}},"92":{"start":{"line":145,"column":6},"end":{"line":145,"column":32}},"93":{"start":{"line":146,"column":6},"end":{"line":146,"column":66}},"94":{"start":{"line":149,"column":4},"end":{"line":155,"column":7}},"95":{"start":{"line":150,"column":6},"end":{"line":150,"column":25}},"96":{"start":{"line":151,"column":6},"end":{"line":151,"column":24}},"97":{"start":{"line":152,"column":6},"end":{"line":152,"column":30}},"98":{"start":{"line":153,"column":6},"end":{"line":153,"column":32}},"99":{"start":{"line":154,"column":6},"end":{"line":154,"column":66}},"100":{"start":{"line":157,"column":4},"end":{"line":164,"column":7}},"101":{"start":{"line":158,"column":6},"end":{"line":158,"column":25}},"102":{"start":{"line":159,"column":6},"end":{"line":159,"column":24}},"103":{"start":{"line":160,"column":6},"end":{"line":160,"column":34}},"104":{"start":{"line":161,"column":6},"end":{"line":161,"column":32}},"105":{"start":{"line":162,"column":6},"end":{"line":162,"column":32}},"106":{"start":{"line":163,"column":6},"end":{"line":163,"column":76}},"107":{"start":{"line":166,"column":4},"end":{"line":173,"column":7}},"108":{"start":{"line":167,"column":6},"end":{"line":167,"column":25}},"109":{"start":{"line":168,"column":6},"end":{"line":168,"column":24}},"110":{"start":{"line":169,"column":6},"end":{"line":169,"column":27}},"111":{"start":{"line":170,"column":6},"end":{"line":170,"column":31}},"112":{"start":{"line":171,"column":6},"end":{"line":171,"column":32}},"113":{"start":{"line":172,"column":6},"end":{"line":172,"column":85}},"114":{"start":{"line":175,"column":4},"end":{"line":182,"column":7}},"115":{"start":{"line":176,"column":6},"end":{"line":176,"column":25}},"116":{"start":{"line":177,"column":6},"end":{"line":177,"column":24}},"117":{"start":{"line":178,"column":6},"end":{"line":178,"column":33}},"118":{"start":{"line":179,"column":6},"end":{"line":179,"column":31}},"119":{"start":{"line":180,"column":6},"end":{"line":180,"column":32}},"120":{"start":{"line":181,"column":6},"end":{"line":181,"column":43}},"121":{"start":{"line":184,"column":4},"end":{"line":191,"column":7}},"122":{"start":{"line":185,"column":6},"end":{"line":185,"column":25}},"123":{"start":{"line":186,"column":6},"end":{"line":186,"column":24}},"124":{"start":{"line":187,"column":6},"end":{"line":187,"column":27}},"125":{"start":{"line":188,"column":6},"end":{"line":188,"column":31}},"126":{"start":{"line":189,"column":6},"end":{"line":189,"column":32}},"127":{"start":{"line":190,"column":6},"end":{"line":190,"column":40}},"128":{"start":{"line":194,"column":2},"end":{"line":207,"column":5}},"129":{"start":{"line":196,"column":4},"end":{"line":200,"column":7}},"130":{"start":{"line":197,"column":6},"end":{"line":197,"column":25}},"131":{"start":{"line":198,"column":6},"end":{"line":198,"column":27}},"132":{"start":{"line":199,"column":6},"end":{"line":199,"column":43}},"133":{"start":{"line":202,"column":4},"end":{"line":206,"column":7}},"134":{"start":{"line":203,"column":6},"end":{"line":203,"column":25}},"135":{"start":{"line":204,"column":6},"end":{"line":204,"column":33}},"136":{"start":{"line":205,"column":6},"end":{"line":205,"column":43}},"137":{"start":{"line":209,"column":2},"end":{"line":269,"column":5}},"138":{"start":{"line":211,"column":4},"end":{"line":216,"column":7}},"139":{"start":{"line":212,"column":6},"end":{"line":212,"column":25}},"140":{"start":{"line":213,"column":6},"end":{"line":213,"column":24}},"141":{"start":{"line":214,"column":6},"end":{"line":214,"column":25}},"142":{"start":{"line":215,"column":6},"end":{"line":215,"column":75}},"143":{"start":{"line":218,"column":4},"end":{"line":224,"column":7}},"144":{"start":{"line":219,"column":6},"end":{"line":219,"column":25}},"145":{"start":{"line":220,"column":6},"end":{"line":220,"column":24}},"146":{"start":{"line":221,"column":6},"end":{"line":221,"column":24}},"147":{"start":{"line":222,"column":6},"end":{"line":222,"column":25}},"148":{"start":{"line":223,"column":6},"end":{"line":223,"column":66}},"149":{"start":{"line":226,"column":4},"end":{"line":232,"column":7}},"150":{"start":{"line":227,"column":6},"end":{"line":227,"column":25}},"151":{"start":{"line":228,"column":6},"end":{"line":228,"column":24}},"152":{"start":{"line":229,"column":6},"end":{"line":229,"column":31}},"153":{"start":{"line":230,"column":6},"end":{"line":230,"column":25}},"154":{"start":{"line":231,"column":6},"end":{"line":231,"column":66}},"155":{"start":{"line":234,"column":4},"end":{"line":241,"column":7}},"156":{"start":{"line":235,"column":6},"end":{"line":235,"column":25}},"157":{"start":{"line":236,"column":6},"end":{"line":236,"column":24}},"158":{"start":{"line":237,"column":6},"end":{"line":237,"column":33}},"159":{"start":{"line":238,"column":6},"end":{"line":238,"column":31}},"160":{"start":{"line":239,"column":6},"end":{"line":239,"column":25}},"161":{"start":{"line":240,"column":6},"end":{"line":240,"column":69}},"162":{"start":{"line":243,"column":4},"end":{"line":250,"column":7}},"163":{"start":{"line":244,"column":6},"end":{"line":244,"column":25}},"164":{"start":{"line":245,"column":6},"end":{"line":245,"column":24}},"165":{"start":{"line":246,"column":6},"end":{"line":246,"column":27}},"166":{"start":{"line":247,"column":6},"end":{"line":247,"column":31}},"167":{"start":{"line":248,"column":6},"end":{"line":248,"column":25}},"168":{"start":{"line":249,"column":6},"end":{"line":249,"column":104}},"169":{"start":{"line":252,"column":4},"end":{"line":259,"column":7}},"170":{"start":{"line":253,"column":6},"end":{"line":253,"column":25}},"171":{"start":{"line":254,"column":6},"end":{"line":254,"column":24}},"172":{"start":{"line":255,"column":6},"end":{"line":255,"column":27}},"173":{"start":{"line":256,"column":6},"end":{"line":256,"column":31}},"174":{"start":{"line":257,"column":6},"end":{"line":257,"column":25}},"175":{"start":{"line":258,"column":6},"end":{"line":258,"column":43}},"176":{"start":{"line":261,"column":4},"end":{"line":268,"column":7}},"177":{"start":{"line":262,"column":6},"end":{"line":262,"column":25}},"178":{"start":{"line":263,"column":6},"end":{"line":263,"column":24}},"179":{"start":{"line":264,"column":6},"end":{"line":264,"column":27}},"180":{"start":{"line":265,"column":6},"end":{"line":265,"column":31}},"181":{"start":{"line":266,"column":6},"end":{"line":266,"column":25}},"182":{"start":{"line":267,"column":6},"end":{"line":267,"column":40}},"183":{"start":{"line":271,"column":2},"end":{"line":331,"column":5}},"184":{"start":{"line":273,"column":4},"end":{"line":278,"column":7}},"185":{"start":{"line":274,"column":6},"end":{"line":274,"column":25}},"186":{"start":{"line":275,"column":6},"end":{"line":275,"column":24}},"187":{"start":{"line":276,"column":6},"end":{"line":276,"column":24}},"188":{"start":{"line":277,"column":6},"end":{"line":277,"column":75}},"189":{"start":{"line":280,"column":4},"end":{"line":286,"column":7}},"190":{"start":{"line":281,"column":6},"end":{"line":281,"column":25}},"191":{"start":{"line":282,"column":6},"end":{"line":282,"column":24}},"192":{"start":{"line":283,"column":6},"end":{"line":283,"column":24}},"193":{"start":{"line":284,"column":6},"end":{"line":284,"column":24}},"194":{"start":{"line":285,"column":6},"end":{"line":285,"column":66}},"195":{"start":{"line":288,"column":4},"end":{"line":294,"column":7}},"196":{"start":{"line":289,"column":6},"end":{"line":289,"column":25}},"197":{"start":{"line":290,"column":6},"end":{"line":290,"column":24}},"198":{"start":{"line":291,"column":6},"end":{"line":291,"column":31}},"199":{"start":{"line":292,"column":6},"end":{"line":292,"column":24}},"200":{"start":{"line":293,"column":6},"end":{"line":293,"column":66}},"201":{"start":{"line":296,"column":4},"end":{"line":303,"column":7}},"202":{"start":{"line":297,"column":6},"end":{"line":297,"column":25}},"203":{"start":{"line":298,"column":6},"end":{"line":298,"column":24}},"204":{"start":{"line":299,"column":6},"end":{"line":299,"column":33}},"205":{"start":{"line":300,"column":6},"end":{"line":300,"column":34}},"206":{"start":{"line":301,"column":6},"end":{"line":301,"column":24}},"207":{"start":{"line":302,"column":6},"end":{"line":302,"column":72}},"208":{"start":{"line":305,"column":4},"end":{"line":312,"column":7}},"209":{"start":{"line":306,"column":6},"end":{"line":306,"column":25}},"210":{"start":{"line":307,"column":6},"end":{"line":307,"column":24}},"211":{"start":{"line":308,"column":6},"end":{"line":308,"column":27}},"212":{"start":{"line":309,"column":6},"end":{"line":309,"column":32}},"213":{"start":{"line":310,"column":6},"end":{"line":310,"column":24}},"214":{"start":{"line":311,"column":6},"end":{"line":311,"column":118}},"215":{"start":{"line":314,"column":4},"end":{"line":321,"column":7}},"216":{"start":{"line":315,"column":6},"end":{"line":315,"column":25}},"217":{"start":{"line":316,"column":6},"end":{"line":316,"column":24}},"218":{"start":{"line":317,"column":6},"end":{"line":317,"column":32}},"219":{"start":{"line":318,"column":6},"end":{"line":318,"column":32}},"220":{"start":{"line":319,"column":6},"end":{"line":319,"column":24}},"221":{"start":{"line":320,"column":6},"end":{"line":320,"column":42}},"222":{"start":{"line":323,"column":4},"end":{"line":330,"column":7}},"223":{"start":{"line":324,"column":6},"end":{"line":324,"column":25}},"224":{"start":{"line":325,"column":6},"end":{"line":325,"column":24}},"225":{"start":{"line":326,"column":6},"end":{"line":326,"column":27}},"226":{"start":{"line":327,"column":6},"end":{"line":327,"column":32}},"227":{"start":{"line":328,"column":6},"end":{"line":328,"column":24}},"228":{"start":{"line":329,"column":6},"end":{"line":329,"column":40}},"229":{"start":{"line":333,"column":2},"end":{"line":346,"column":5}},"230":{"start":{"line":335,"column":4},"end":{"line":339,"column":7}},"231":{"start":{"line":336,"column":6},"end":{"line":336,"column":25}},"232":{"start":{"line":337,"column":6},"end":{"line":337,"column":27}},"233":{"start":{"line":338,"column":6},"end":{"line":338,"column":43}},"234":{"start":{"line":341,"column":4},"end":{"line":345,"column":7}},"235":{"start":{"line":342,"column":6},"end":{"line":342,"column":25}},"236":{"start":{"line":343,"column":6},"end":{"line":343,"column":32}},"237":{"start":{"line":344,"column":6},"end":{"line":344,"column":43}},"238":{"start":{"line":348,"column":2},"end":{"line":398,"column":5}},"239":{"start":{"line":350,"column":4},"end":{"line":357,"column":7}},"240":{"start":{"line":351,"column":6},"end":{"line":351,"column":25}},"241":{"start":{"line":352,"column":6},"end":{"line":352,"column":27}},"242":{"start":{"line":353,"column":6},"end":{"line":353,"column":30}},"243":{"start":{"line":354,"column":6},"end":{"line":354,"column":31}},"244":{"start":{"line":355,"column":6},"end":{"line":355,"column":25}},"245":{"start":{"line":356,"column":6},"end":{"line":356,"column":49}},"246":{"start":{"line":359,"column":4},"end":{"line":365,"column":7}},"247":{"start":{"line":360,"column":6},"end":{"line":360,"column":25}},"248":{"start":{"line":361,"column":6},"end":{"line":361,"column":27}},"249":{"start":{"line":362,"column":6},"end":{"line":362,"column":30}},"250":{"start":{"line":363,"column":6},"end":{"line":363,"column":25}},"251":{"start":{"line":364,"column":6},"end":{"line":364,"column":41}},"252":{"start":{"line":367,"column":4},"end":{"line":373,"column":7}},"253":{"start":{"line":368,"column":6},"end":{"line":368,"column":25}},"254":{"start":{"line":369,"column":6},"end":{"line":369,"column":33}},"255":{"start":{"line":370,"column":6},"end":{"line":370,"column":30}},"256":{"start":{"line":371,"column":6},"end":{"line":371,"column":25}},"257":{"start":{"line":372,"column":6},"end":{"line":372,"column":41}},"258":{"start":{"line":375,"column":4},"end":{"line":381,"column":7}},"259":{"start":{"line":376,"column":6},"end":{"line":376,"column":25}},"260":{"start":{"line":377,"column":6},"end":{"line":377,"column":27}},"261":{"start":{"line":378,"column":6},"end":{"line":378,"column":24}},"262":{"start":{"line":379,"column":6},"end":{"line":379,"column":25}},"263":{"start":{"line":380,"column":6},"end":{"line":380,"column":41}},"264":{"start":{"line":383,"column":4},"end":{"line":389,"column":7}},"265":{"start":{"line":384,"column":6},"end":{"line":384,"column":25}},"266":{"start":{"line":385,"column":6},"end":{"line":385,"column":27}},"267":{"start":{"line":386,"column":6},"end":{"line":386,"column":24}},"268":{"start":{"line":387,"column":6},"end":{"line":387,"column":25}},"269":{"start":{"line":388,"column":6},"end":{"line":388,"column":45}},"270":{"start":{"line":391,"column":4},"end":{"line":397,"column":7}},"271":{"start":{"line":392,"column":6},"end":{"line":392,"column":25}},"272":{"start":{"line":393,"column":6},"end":{"line":393,"column":27}},"273":{"start":{"line":394,"column":6},"end":{"line":394,"column":24}},"274":{"start":{"line":395,"column":6},"end":{"line":395,"column":25}},"275":{"start":{"line":396,"column":6},"end":{"line":396,"column":45}},"276":{"start":{"line":400,"column":2},"end":{"line":425,"column":5}},"277":{"start":{"line":402,"column":4},"end":{"line":408,"column":7}},"278":{"start":{"line":403,"column":6},"end":{"line":403,"column":25}},"279":{"start":{"line":404,"column":6},"end":{"line":404,"column":36}},"280":{"start":{"line":405,"column":6},"end":{"line":405,"column":31}},"281":{"start":{"line":406,"column":6},"end":{"line":406,"column":29}},"282":{"start":{"line":407,"column":6},"end":{"line":407,"column":49}},"283":{"start":{"line":410,"column":4},"end":{"line":415,"column":7}},"284":{"start":{"line":411,"column":6},"end":{"line":411,"column":25}},"285":{"start":{"line":412,"column":6},"end":{"line":412,"column":36}},"286":{"start":{"line":413,"column":6},"end":{"line":413,"column":29}},"287":{"start":{"line":414,"column":6},"end":{"line":414,"column":47}},"288":{"start":{"line":417,"column":4},"end":{"line":424,"column":7}},"289":{"start":{"line":418,"column":6},"end":{"line":418,"column":25}},"290":{"start":{"line":419,"column":6},"end":{"line":419,"column":35}},"291":{"start":{"line":420,"column":6},"end":{"line":420,"column":31}},"292":{"start":{"line":421,"column":6},"end":{"line":421,"column":29}},"293":{"start":{"line":422,"column":6},"end":{"line":422,"column":49}},"294":{"start":{"line":423,"column":6},"end":{"line":423,"column":46}},"295":{"start":{"line":427,"column":2},"end":{"line":442,"column":5}},"296":{"start":{"line":429,"column":4},"end":{"line":434,"column":7}},"297":{"start":{"line":430,"column":6},"end":{"line":430,"column":25}},"298":{"start":{"line":431,"column":6},"end":{"line":431,"column":34}},"299":{"start":{"line":432,"column":6},"end":{"line":432,"column":27}},"300":{"start":{"line":433,"column":6},"end":{"line":433,"column":45}},"301":{"start":{"line":436,"column":4},"end":{"line":441,"column":7}},"302":{"start":{"line":437,"column":6},"end":{"line":437,"column":25}},"303":{"start":{"line":438,"column":6},"end":{"line":438,"column":31}},"304":{"start":{"line":439,"column":6},"end":{"line":439,"column":27}},"305":{"start":{"line":440,"column":6},"end":{"line":440,"column":49}},"306":{"start":{"line":444,"column":2},"end":{"line":457,"column":5}},"307":{"start":{"line":446,"column":4},"end":{"line":450,"column":7}},"308":{"start":{"line":447,"column":6},"end":{"line":447,"column":25}},"309":{"start":{"line":448,"column":6},"end":{"line":448,"column":27}},"310":{"start":{"line":449,"column":6},"end":{"line":449,"column":51}},"311":{"start":{"line":452,"column":4},"end":{"line":456,"column":7}},"312":{"start":{"line":453,"column":6},"end":{"line":453,"column":25}},"313":{"start":{"line":454,"column":6},"end":{"line":454,"column":32}},"314":{"start":{"line":455,"column":6},"end":{"line":455,"column":51}},"315":{"start":{"line":459,"column":2},"end":{"line":474,"column":4}},"316":{"start":{"line":461,"column":4},"end":{"line":466,"column":7}},"317":{"start":{"line":462,"column":6},"end":{"line":462,"column":25}},"318":{"start":{"line":463,"column":6},"end":{"line":463,"column":36}},"319":{"start":{"line":464,"column":6},"end":{"line":464,"column":36}},"320":{"start":{"line":465,"column":6},"end":{"line":465,"column":48}},"321":{"start":{"line":468,"column":4},"end":{"line":473,"column":7}},"322":{"start":{"line":469,"column":6},"end":{"line":469,"column":25}},"323":{"start":{"line":470,"column":6},"end":{"line":470,"column":53}},"324":{"start":{"line":471,"column":6},"end":{"line":471,"column":36}},"325":{"start":{"line":472,"column":6},"end":{"line":472,"column":54}}},"branchMap":{}}}