{"C:\\Users\\Maarja\\Documents\\Kooliasjad\\Magister\\Esimene semester\\Protsessid ja kvaliteet\\Projekt\\app\\app.js":{"path":"C:\\Users\\Maarja\\Documents\\Kooliasjad\\Magister\\Esimene semester\\Protsessid ja kvaliteet\\Projekt\\app\\app.js","s":{"1":1,"2":0,"3":0,"4":0,"5":0,"6":0,"7":0,"8":0,"9":0,"10":0,"11":0,"12":0,"13":0,"14":0,"15":0,"16":0,"17":0,"18":0,"19":0,"20":0,"21":0,"22":0,"23":0,"24":0,"25":0,"26":0,"27":0,"28":0,"29":0,"30":0,"31":0,"32":0,"33":0,"34":0,"35":0,"36":0,"37":0,"38":0,"39":0,"40":0,"41":0,"42":0,"43":0,"44":0,"45":0,"46":0,"47":0,"48":0,"49":0,"50":0,"51":0,"52":0,"53":0,"54":0,"55":0,"56":0,"57":0,"58":0,"59":0,"60":0,"61":0,"62":0,"63":0,"64":0,"65":0,"66":0,"67":0,"68":0,"69":0,"70":0,"71":0,"72":0,"73":0,"74":0,"75":0,"76":0,"77":0,"78":0,"79":0,"80":0,"81":0,"82":0,"83":0,"84":0,"85":0,"86":0,"87":0,"88":0,"89":0,"90":0,"91":0,"92":0,"93":0,"94":0,"95":0,"96":0,"97":0,"98":0,"99":0,"100":0,"101":0,"102":0,"103":0,"104":0,"105":0,"106":0,"107":0,"108":0,"109":0,"110":0,"111":0,"112":0,"113":0,"114":0,"115":0,"116":0,"117":0,"118":0,"119":0,"120":0,"121":0,"122":0,"123":0,"124":0,"125":0,"126":0,"127":0,"128":0,"129":0,"130":0,"131":0,"132":0,"133":0,"134":0,"135":0,"136":0,"137":0,"138":0,"139":0,"140":0,"141":0,"142":0,"143":0,"144":0,"145":0,"146":0,"147":0,"148":0,"149":0,"150":0,"151":0,"152":0,"153":0,"154":0,"155":0,"156":0,"157":0,"158":0,"159":0,"160":0,"161":0,"162":0,"163":0,"164":0,"165":0,"166":0,"167":0,"168":0,"169":0,"170":0,"171":0,"172":0,"173":0,"174":0,"175":0,"176":0,"177":0,"178":0,"179":0,"180":0,"181":0,"182":0,"183":0,"184":0,"185":0,"186":0,"187":0,"188":0,"189":0,"190":0,"191":0,"192":0,"193":0,"194":0,"195":0,"196":0,"197":0,"198":0,"199":0,"200":0,"201":0,"202":0,"203":0,"204":0,"205":0,"206":0,"207":0,"208":0,"209":0,"210":0,"211":0,"212":0,"213":0,"214":0,"215":0,"216":0,"217":0,"218":0,"219":0,"220":0,"221":0,"222":0,"223":0,"224":0,"225":0,"226":0,"227":0},"b":{"1":[0,0],"2":[0,0],"3":[0,0],"4":[0,0],"5":[0,0],"6":[0,0],"7":[0,0],"8":[0,0],"9":[0,0],"10":[0,0],"11":[0,0],"12":[0,0],"13":[0,0],"14":[0,0],"15":[0,0],"16":[0,0],"17":[0,0],"18":[0,0],"19":[0,0],"20":[0,0],"21":[0,0],"22":[0,0],"23":[0,0],"24":[0,0,0],"25":[0,0],"26":[0,0],"27":[0,0,0],"28":[0,0],"29":[0,0],"30":[0,0],"31":[0,0],"32":[0,0],"33":[0,0],"34":[0,0],"35":[0,0],"36":[0,0],"37":[0,0],"38":[0,0],"39":[0,0],"40":[0,0],"41":[0,0],"42":[0,0],"43":[0,0],"44":[0,0],"45":[0,0],"46":[0,0]},"f":{"1":0,"2":0,"3":0,"4":0,"5":0,"6":0,"7":0,"8":0,"9":0,"10":0,"11":0,"12":0,"13":0,"14":0,"15":0,"16":0,"17":0,"18":0,"19":0,"20":0,"21":0,"22":0,"23":0,"24":0,"25":0,"26":0,"27":0,"28":0,"29":0,"30":0,"31":0},"fnMap":{"1":{"name":"(anonymous_1)","line":7,"loc":{"start":{"line":7,"column":53},"end":{"line":7,"column":81}}},"2":{"name":"(anonymous_2)","line":117,"loc":{"start":{"line":117,"column":23},"end":{"line":117,"column":35}}},"3":{"name":"(anonymous_3)","line":129,"loc":{"start":{"line":129,"column":12},"end":{"line":129,"column":24}}},"4":{"name":"(anonymous_4)","line":138,"loc":{"start":{"line":138,"column":12},"end":{"line":138,"column":24}}},"5":{"name":"(anonymous_5)","line":181,"loc":{"start":{"line":181,"column":24},"end":{"line":181,"column":44}}},"6":{"name":"(anonymous_6)","line":194,"loc":{"start":{"line":194,"column":21},"end":{"line":194,"column":33}}},"7":{"name":"(anonymous_7)","line":200,"loc":{"start":{"line":200,"column":25},"end":{"line":200,"column":37}}},"8":{"name":"(anonymous_8)","line":207,"loc":{"start":{"line":207,"column":11},"end":{"line":207,"column":22}}},"9":{"name":"(anonymous_9)","line":211,"loc":{"start":{"line":211,"column":8},"end":{"line":211,"column":19}}},"10":{"name":"(anonymous_10)","line":212,"loc":{"start":{"line":212,"column":19},"end":{"line":212,"column":30}}},"11":{"name":"(anonymous_11)","line":219,"loc":{"start":{"line":219,"column":32},"end":{"line":219,"column":44}}},"12":{"name":"(anonymous_12)","line":225,"loc":{"start":{"line":225,"column":32},"end":{"line":225,"column":44}}},"13":{"name":"(anonymous_13)","line":235,"loc":{"start":{"line":235,"column":38},"end":{"line":235,"column":52}}},"14":{"name":"(anonymous_14)","line":244,"loc":{"start":{"line":244,"column":26},"end":{"line":244,"column":37}}},"15":{"name":"(anonymous_15)","line":261,"loc":{"start":{"line":261,"column":31},"end":{"line":261,"column":43}}},"16":{"name":"(anonymous_16)","line":279,"loc":{"start":{"line":279,"column":22},"end":{"line":279,"column":33}}},"17":{"name":"(anonymous_17)","line":287,"loc":{"start":{"line":287,"column":24},"end":{"line":287,"column":36}}},"18":{"name":"(anonymous_18)","line":304,"loc":{"start":{"line":304,"column":35},"end":{"line":304,"column":50}}},"19":{"name":"(anonymous_19)","line":321,"loc":{"start":{"line":321,"column":23},"end":{"line":321,"column":35}}},"20":{"name":"(anonymous_20)","line":343,"loc":{"start":{"line":343,"column":21},"end":{"line":343,"column":32}}},"21":{"name":"(anonymous_21)","line":351,"loc":{"start":{"line":351,"column":29},"end":{"line":351,"column":40}}},"22":{"name":"(anonymous_22)","line":371,"loc":{"start":{"line":371,"column":24},"end":{"line":371,"column":36}}},"23":{"name":"(anonymous_23)","line":389,"loc":{"start":{"line":389,"column":17},"end":{"line":389,"column":29}}},"24":{"name":"(anonymous_24)","line":395,"loc":{"start":{"line":395,"column":21},"end":{"line":395,"column":33}}},"25":{"name":"(anonymous_25)","line":401,"loc":{"start":{"line":401,"column":37},"end":{"line":401,"column":52}}},"26":{"name":"(anonymous_26)","line":410,"loc":{"start":{"line":410,"column":26},"end":{"line":410,"column":38}}},"27":{"name":"(anonymous_27)","line":419,"loc":{"start":{"line":419,"column":17},"end":{"line":419,"column":29}}},"28":{"name":"(anonymous_28)","line":426,"loc":{"start":{"line":426,"column":28},"end":{"line":426,"column":40}}},"29":{"name":"(anonymous_29)","line":433,"loc":{"start":{"line":433,"column":26},"end":{"line":433,"column":38}}},"30":{"name":"(anonymous_30)","line":441,"loc":{"start":{"line":441,"column":34},"end":{"line":441,"column":46}}},"31":{"name":"(anonymous_31)","line":449,"loc":{"start":{"line":449,"column":29},"end":{"line":449,"column":45}}}},"statementMap":{"1":{"start":{"line":4,"column":0},"end":{"line":455,"column":4}},"2":{"start":{"line":9,"column":4},"end":{"line":15,"column":6}},"3":{"start":{"line":16,"column":4},"end":{"line":22,"column":6}},"4":{"start":{"line":24,"column":4},"end":{"line":29,"column":6}},"5":{"start":{"line":31,"column":4},"end":{"line":53,"column":6}},"6":{"start":{"line":55,"column":1},"end":{"line":76,"column":3}},"7":{"start":{"line":78,"column":4},"end":{"line":78,"column":34}},"8":{"start":{"line":79,"column":4},"end":{"line":79,"column":35}},"9":{"start":{"line":80,"column":4},"end":{"line":80,"column":31}},"10":{"start":{"line":82,"column":4},"end":{"line":82,"column":35}},"11":{"start":{"line":84,"column":4},"end":{"line":87,"column":6}},"12":{"start":{"line":89,"column":4},"end":{"line":89,"column":23}},"13":{"start":{"line":90,"column":4},"end":{"line":90,"column":26}},"14":{"start":{"line":92,"column":4},"end":{"line":92,"column":33}},"15":{"start":{"line":93,"column":4},"end":{"line":93,"column":35}},"16":{"start":{"line":94,"column":4},"end":{"line":94,"column":33}},"17":{"start":{"line":95,"column":4},"end":{"line":95,"column":35}},"18":{"start":{"line":96,"column":1},"end":{"line":96,"column":32}},"19":{"start":{"line":97,"column":1},"end":{"line":97,"column":32}},"20":{"start":{"line":98,"column":4},"end":{"line":98,"column":37}},"21":{"start":{"line":99,"column":4},"end":{"line":99,"column":40}},"22":{"start":{"line":101,"column":4},"end":{"line":101,"column":33}},"23":{"start":{"line":102,"column":4},"end":{"line":102,"column":33}},"24":{"start":{"line":103,"column":4},"end":{"line":103,"column":33}},"25":{"start":{"line":105,"column":4},"end":{"line":105,"column":39}},"26":{"start":{"line":106,"column":4},"end":{"line":106,"column":39}},"27":{"start":{"line":107,"column":4},"end":{"line":107,"column":38}},"28":{"start":{"line":109,"column":4},"end":{"line":109,"column":30}},"29":{"start":{"line":111,"column":4},"end":{"line":111,"column":23}},"30":{"start":{"line":112,"column":4},"end":{"line":112,"column":23}},"31":{"start":{"line":113,"column":4},"end":{"line":113,"column":27}},"32":{"start":{"line":114,"column":4},"end":{"line":114,"column":33}},"33":{"start":{"line":115,"column":4},"end":{"line":115,"column":33}},"34":{"start":{"line":117,"column":4},"end":{"line":148,"column":6}},"35":{"start":{"line":119,"column":8},"end":{"line":123,"column":9}},"36":{"start":{"line":120,"column":12},"end":{"line":120,"column":40}},"37":{"start":{"line":121,"column":12},"end":{"line":121,"column":48}},"38":{"start":{"line":124,"column":2},"end":{"line":124,"column":30}},"39":{"start":{"line":125,"column":2},"end":{"line":147,"column":3}},"40":{"start":{"line":126,"column":3},"end":{"line":126,"column":31}},"41":{"start":{"line":127,"column":3},"end":{"line":127,"column":40}},"42":{"start":{"line":129,"column":3},"end":{"line":132,"column":29}},"43":{"start":{"line":130,"column":4},"end":{"line":130,"column":35}},"44":{"start":{"line":131,"column":4},"end":{"line":131,"column":33}},"45":{"start":{"line":133,"column":9},"end":{"line":147,"column":3}},"46":{"start":{"line":134,"column":3},"end":{"line":134,"column":46}},"47":{"start":{"line":135,"column":3},"end":{"line":135,"column":31}},"48":{"start":{"line":136,"column":3},"end":{"line":136,"column":40}},"49":{"start":{"line":138,"column":3},"end":{"line":141,"column":29}},"50":{"start":{"line":139,"column":4},"end":{"line":139,"column":35}},"51":{"start":{"line":140,"column":4},"end":{"line":140,"column":33}},"52":{"start":{"line":143,"column":3},"end":{"line":143,"column":46}},"53":{"start":{"line":144,"column":3},"end":{"line":144,"column":31}},"54":{"start":{"line":145,"column":3},"end":{"line":145,"column":40}},"55":{"start":{"line":146,"column":3},"end":{"line":146,"column":47}},"56":{"start":{"line":181,"column":4},"end":{"line":198,"column":6}},"57":{"start":{"line":182,"column":2},"end":{"line":182,"column":24}},"58":{"start":{"line":183,"column":2},"end":{"line":185,"column":3}},"59":{"start":{"line":184,"column":3},"end":{"line":184,"column":16}},"60":{"start":{"line":186,"column":8},"end":{"line":186,"column":34}},"61":{"start":{"line":187,"column":2},"end":{"line":187,"column":28}},"62":{"start":{"line":188,"column":8},"end":{"line":188,"column":88}},"63":{"start":{"line":189,"column":2},"end":{"line":189,"column":77}},"64":{"start":{"line":191,"column":8},"end":{"line":197,"column":9}},"65":{"start":{"line":192,"column":12},"end":{"line":192,"column":106}},"66":{"start":{"line":194,"column":12},"end":{"line":196,"column":35}},"67":{"start":{"line":195,"column":16},"end":{"line":195,"column":37}},"68":{"start":{"line":200,"column":4},"end":{"line":217,"column":6}},"69":{"start":{"line":201,"column":2},"end":{"line":201,"column":24}},"70":{"start":{"line":202,"column":2},"end":{"line":202,"column":71}},"71":{"start":{"line":204,"column":8},"end":{"line":204,"column":30}},"72":{"start":{"line":205,"column":8},"end":{"line":205,"column":62}},"73":{"start":{"line":207,"column":2},"end":{"line":216,"column":5}},"74":{"start":{"line":209,"column":3},"end":{"line":209,"column":25}},"75":{"start":{"line":212,"column":3},"end":{"line":215,"column":26}},"76":{"start":{"line":214,"column":4},"end":{"line":214,"column":32}},"77":{"start":{"line":219,"column":4},"end":{"line":223,"column":7}},"78":{"start":{"line":220,"column":2},"end":{"line":222,"column":3}},"79":{"start":{"line":221,"column":3},"end":{"line":221,"column":72}},"80":{"start":{"line":225,"column":4},"end":{"line":233,"column":6}},"81":{"start":{"line":226,"column":2},"end":{"line":226,"column":24}},"82":{"start":{"line":227,"column":2},"end":{"line":227,"column":65}},"83":{"start":{"line":229,"column":12},"end":{"line":229,"column":44}},"84":{"start":{"line":230,"column":3},"end":{"line":230,"column":29}},"85":{"start":{"line":231,"column":12},"end":{"line":231,"column":46}},"86":{"start":{"line":232,"column":12},"end":{"line":232,"column":46}},"87":{"start":{"line":235,"column":1},"end":{"line":242,"column":4}},"88":{"start":{"line":236,"column":2},"end":{"line":236,"column":72}},"89":{"start":{"line":237,"column":2},"end":{"line":241,"column":3}},"90":{"start":{"line":238,"column":3},"end":{"line":238,"column":37}},"91":{"start":{"line":239,"column":3},"end":{"line":239,"column":60}},"92":{"start":{"line":240,"column":3},"end":{"line":240,"column":28}},"93":{"start":{"line":244,"column":1},"end":{"line":259,"column":3}},"94":{"start":{"line":245,"column":2},"end":{"line":245,"column":34}},"95":{"start":{"line":246,"column":2},"end":{"line":258,"column":3}},"96":{"start":{"line":247,"column":3},"end":{"line":247,"column":39}},"97":{"start":{"line":248,"column":9},"end":{"line":258,"column":3}},"98":{"start":{"line":249,"column":3},"end":{"line":249,"column":35}},"99":{"start":{"line":250,"column":9},"end":{"line":258,"column":3}},"100":{"start":{"line":251,"column":3},"end":{"line":251,"column":37}},"101":{"start":{"line":252,"column":9},"end":{"line":258,"column":3}},"102":{"start":{"line":253,"column":3},"end":{"line":253,"column":39}},"103":{"start":{"line":254,"column":9},"end":{"line":258,"column":3}},"104":{"start":{"line":255,"column":3},"end":{"line":255,"column":38}},"105":{"start":{"line":257,"column":3},"end":{"line":257,"column":40}},"106":{"start":{"line":261,"column":4},"end":{"line":277,"column":6}},"107":{"start":{"line":262,"column":2},"end":{"line":262,"column":53}},"108":{"start":{"line":263,"column":8},"end":{"line":276,"column":9}},"109":{"start":{"line":264,"column":12},"end":{"line":264,"column":64}},"110":{"start":{"line":266,"column":3},"end":{"line":266,"column":35}},"111":{"start":{"line":267,"column":3},"end":{"line":275,"column":4}},"112":{"start":{"line":268,"column":4},"end":{"line":268,"column":47}},"113":{"start":{"line":269,"column":10},"end":{"line":275,"column":4}},"114":{"start":{"line":270,"column":4},"end":{"line":270,"column":56}},"115":{"start":{"line":272,"column":4},"end":{"line":272,"column":58}},"116":{"start":{"line":273,"column":4},"end":{"line":273,"column":28}},"117":{"start":{"line":274,"column":4},"end":{"line":274,"column":51}},"118":{"start":{"line":279,"column":1},"end":{"line":285,"column":3}},"119":{"start":{"line":280,"column":2},"end":{"line":284,"column":3}},"120":{"start":{"line":281,"column":3},"end":{"line":281,"column":13}},"121":{"start":{"line":283,"column":3},"end":{"line":283,"column":42}},"122":{"start":{"line":287,"column":4},"end":{"line":302,"column":6}},"123":{"start":{"line":288,"column":8},"end":{"line":301,"column":9}},"124":{"start":{"line":289,"column":12},"end":{"line":289,"column":64}},"125":{"start":{"line":291,"column":12},"end":{"line":291,"column":26}},"126":{"start":{"line":292,"column":3},"end":{"line":300,"column":4}},"127":{"start":{"line":293,"column":4},"end":{"line":293,"column":47}},"128":{"start":{"line":294,"column":10},"end":{"line":300,"column":4}},"129":{"start":{"line":295,"column":4},"end":{"line":295,"column":56}},"130":{"start":{"line":297,"column":4},"end":{"line":297,"column":58}},"131":{"start":{"line":298,"column":4},"end":{"line":298,"column":30}},"132":{"start":{"line":299,"column":4},"end":{"line":299,"column":51}},"133":{"start":{"line":304,"column":1},"end":{"line":319,"column":7}},"134":{"start":{"line":305,"column":2},"end":{"line":311,"column":3}},"135":{"start":{"line":306,"column":3},"end":{"line":306,"column":37}},"136":{"start":{"line":307,"column":3},"end":{"line":310,"column":4}},"137":{"start":{"line":308,"column":4},"end":{"line":308,"column":54}},"138":{"start":{"line":309,"column":4},"end":{"line":309,"column":30}},"139":{"start":{"line":312,"column":2},"end":{"line":318,"column":3}},"140":{"start":{"line":313,"column":3},"end":{"line":313,"column":36}},"141":{"start":{"line":314,"column":3},"end":{"line":317,"column":4}},"142":{"start":{"line":315,"column":4},"end":{"line":315,"column":54}},"143":{"start":{"line":316,"column":4},"end":{"line":316,"column":29}},"144":{"start":{"line":321,"column":4},"end":{"line":341,"column":6}},"145":{"start":{"line":322,"column":8},"end":{"line":340,"column":9}},"146":{"start":{"line":323,"column":12},"end":{"line":323,"column":64}},"147":{"start":{"line":325,"column":12},"end":{"line":325,"column":43}},"148":{"start":{"line":326,"column":3},"end":{"line":334,"column":4}},"149":{"start":{"line":327,"column":4},"end":{"line":327,"column":47}},"150":{"start":{"line":328,"column":10},"end":{"line":334,"column":4}},"151":{"start":{"line":329,"column":4},"end":{"line":329,"column":56}},"152":{"start":{"line":331,"column":4},"end":{"line":331,"column":58}},"153":{"start":{"line":332,"column":4},"end":{"line":332,"column":27}},"154":{"start":{"line":333,"column":4},"end":{"line":333,"column":51}},"155":{"start":{"line":336,"column":3},"end":{"line":336,"column":39}},"156":{"start":{"line":337,"column":3},"end":{"line":339,"column":4}},"157":{"start":{"line":338,"column":4},"end":{"line":338,"column":32}},"158":{"start":{"line":343,"column":1},"end":{"line":349,"column":3}},"159":{"start":{"line":344,"column":2},"end":{"line":348,"column":3}},"160":{"start":{"line":345,"column":3},"end":{"line":345,"column":14}},"161":{"start":{"line":347,"column":3},"end":{"line":347,"column":42}},"162":{"start":{"line":351,"column":1},"end":{"line":369,"column":3}},"163":{"start":{"line":352,"column":2},"end":{"line":352,"column":66}},"164":{"start":{"line":353,"column":2},"end":{"line":368,"column":3}},"165":{"start":{"line":354,"column":3},"end":{"line":354,"column":54}},"166":{"start":{"line":355,"column":3},"end":{"line":355,"column":35}},"167":{"start":{"line":355,"column":22},"end":{"line":355,"column":35}},"168":{"start":{"line":356,"column":3},"end":{"line":366,"column":4}},"169":{"start":{"line":357,"column":4},"end":{"line":357,"column":62}},"170":{"start":{"line":358,"column":10},"end":{"line":366,"column":4}},"171":{"start":{"line":359,"column":4},"end":{"line":359,"column":78}},"172":{"start":{"line":360,"column":10},"end":{"line":366,"column":4}},"173":{"start":{"line":361,"column":4},"end":{"line":361,"column":73}},"174":{"start":{"line":362,"column":10},"end":{"line":366,"column":4}},"175":{"start":{"line":363,"column":4},"end":{"line":363,"column":79}},"176":{"start":{"line":365,"column":4},"end":{"line":365,"column":72}},"177":{"start":{"line":367,"column":3},"end":{"line":367,"column":40}},"178":{"start":{"line":371,"column":4},"end":{"line":393,"column":6}},"179":{"start":{"line":372,"column":8},"end":{"line":372,"column":87}},"180":{"start":{"line":374,"column":8},"end":{"line":374,"column":29}},"181":{"start":{"line":375,"column":8},"end":{"line":379,"column":9}},"182":{"start":{"line":376,"column":12},"end":{"line":376,"column":30}},"183":{"start":{"line":378,"column":12},"end":{"line":378,"column":30}},"184":{"start":{"line":381,"column":8},"end":{"line":385,"column":9}},"185":{"start":{"line":382,"column":12},"end":{"line":382,"column":46}},"186":{"start":{"line":384,"column":12},"end":{"line":384,"column":67}},"187":{"start":{"line":387,"column":8},"end":{"line":387,"column":36}},"188":{"start":{"line":388,"column":2},"end":{"line":388,"column":30}},"189":{"start":{"line":389,"column":8},"end":{"line":392,"column":31}},"190":{"start":{"line":390,"column":12},"end":{"line":390,"column":41}},"191":{"start":{"line":391,"column":3},"end":{"line":391,"column":35}},"192":{"start":{"line":395,"column":1},"end":{"line":424,"column":3}},"193":{"start":{"line":396,"column":2},"end":{"line":396,"column":54}},"194":{"start":{"line":397,"column":2},"end":{"line":397,"column":44}},"195":{"start":{"line":399,"column":2},"end":{"line":407,"column":3}},"196":{"start":{"line":400,"column":3},"end":{"line":400,"column":28}},"197":{"start":{"line":401,"column":3},"end":{"line":406,"column":6}},"198":{"start":{"line":402,"column":4},"end":{"line":402,"column":29}},"199":{"start":{"line":403,"column":4},"end":{"line":405,"column":5}},"200":{"start":{"line":404,"column":5},"end":{"line":404,"column":24}},"201":{"start":{"line":409,"column":2},"end":{"line":409,"column":39}},"202":{"start":{"line":410,"column":2},"end":{"line":414,"column":5}},"203":{"start":{"line":411,"column":3},"end":{"line":413,"column":4}},"204":{"start":{"line":412,"column":4},"end":{"line":412,"column":45}},"205":{"start":{"line":416,"column":2},"end":{"line":416,"column":36}},"206":{"start":{"line":417,"column":2},"end":{"line":417,"column":30}},"207":{"start":{"line":418,"column":2},"end":{"line":418,"column":30}},"208":{"start":{"line":419,"column":8},"end":{"line":422,"column":31}},"209":{"start":{"line":420,"column":12},"end":{"line":420,"column":41}},"210":{"start":{"line":421,"column":3},"end":{"line":421,"column":35}},"211":{"start":{"line":426,"column":4},"end":{"line":431,"column":6}},"212":{"start":{"line":427,"column":8},"end":{"line":430,"column":9}},"213":{"start":{"line":428,"column":12},"end":{"line":428,"column":87}},"214":{"start":{"line":429,"column":12},"end":{"line":429,"column":42}},"215":{"start":{"line":433,"column":4},"end":{"line":439,"column":6}},"216":{"start":{"line":434,"column":8},"end":{"line":434,"column":31}},"217":{"start":{"line":436,"column":8},"end":{"line":436,"column":36}},"218":{"start":{"line":437,"column":8},"end":{"line":437,"column":58}},"219":{"start":{"line":438,"column":8},"end":{"line":438,"column":59}},"220":{"start":{"line":441,"column":4},"end":{"line":447,"column":6}},"221":{"start":{"line":442,"column":8},"end":{"line":446,"column":9}},"222":{"start":{"line":443,"column":12},"end":{"line":443,"column":21}},"223":{"start":{"line":445,"column":12},"end":{"line":445,"column":44}},"224":{"start":{"line":449,"column":4},"end":{"line":454,"column":6}},"225":{"start":{"line":451,"column":8},"end":{"line":451,"column":72}},"226":{"start":{"line":452,"column":8},"end":{"line":452,"column":37}},"227":{"start":{"line":453,"column":8},"end":{"line":453,"column":52}}},"branchMap":{"1":{"line":119,"type":"if","locations":[{"start":{"line":119,"column":8},"end":{"line":119,"column":8}},{"start":{"line":119,"column":8},"end":{"line":119,"column":8}}]},"2":{"line":125,"type":"if","locations":[{"start":{"line":125,"column":2},"end":{"line":125,"column":2}},{"start":{"line":125,"column":2},"end":{"line":125,"column":2}}]},"3":{"line":133,"type":"if","locations":[{"start":{"line":133,"column":9},"end":{"line":133,"column":9}},{"start":{"line":133,"column":9},"end":{"line":133,"column":9}}]},"4":{"line":183,"type":"if","locations":[{"start":{"line":183,"column":2},"end":{"line":183,"column":2}},{"start":{"line":183,"column":2},"end":{"line":183,"column":2}}]},"5":{"line":191,"type":"if","locations":[{"start":{"line":191,"column":8},"end":{"line":191,"column":8}},{"start":{"line":191,"column":8},"end":{"line":191,"column":8}}]},"6":{"line":191,"type":"binary-expr","locations":[{"start":{"line":191,"column":12},"end":{"line":191,"column":30}},{"start":{"line":191,"column":34},"end":{"line":191,"column":55}}]},"7":{"line":220,"type":"if","locations":[{"start":{"line":220,"column":2},"end":{"line":220,"column":2}},{"start":{"line":220,"column":2},"end":{"line":220,"column":2}}]},"8":{"line":237,"type":"if","locations":[{"start":{"line":237,"column":2},"end":{"line":237,"column":2}},{"start":{"line":237,"column":2},"end":{"line":237,"column":2}}]},"9":{"line":246,"type":"if","locations":[{"start":{"line":246,"column":2},"end":{"line":246,"column":2}},{"start":{"line":246,"column":2},"end":{"line":246,"column":2}}]},"10":{"line":248,"type":"if","locations":[{"start":{"line":248,"column":9},"end":{"line":248,"column":9}},{"start":{"line":248,"column":9},"end":{"line":248,"column":9}}]},"11":{"line":250,"type":"if","locations":[{"start":{"line":250,"column":9},"end":{"line":250,"column":9}},{"start":{"line":250,"column":9},"end":{"line":250,"column":9}}]},"12":{"line":252,"type":"if","locations":[{"start":{"line":252,"column":9},"end":{"line":252,"column":9}},{"start":{"line":252,"column":9},"end":{"line":252,"column":9}}]},"13":{"line":254,"type":"if","locations":[{"start":{"line":254,"column":9},"end":{"line":254,"column":9}},{"start":{"line":254,"column":9},"end":{"line":254,"column":9}}]},"14":{"line":263,"type":"if","locations":[{"start":{"line":263,"column":8},"end":{"line":263,"column":8}},{"start":{"line":263,"column":8},"end":{"line":263,"column":8}}]},"15":{"line":267,"type":"if","locations":[{"start":{"line":267,"column":3},"end":{"line":267,"column":3}},{"start":{"line":267,"column":3},"end":{"line":267,"column":3}}]},"16":{"line":267,"type":"binary-expr","locations":[{"start":{"line":267,"column":6},"end":{"line":267,"column":43}},{"start":{"line":267,"column":47},"end":{"line":267,"column":72}}]},"17":{"line":269,"type":"if","locations":[{"start":{"line":269,"column":10},"end":{"line":269,"column":10}},{"start":{"line":269,"column":10},"end":{"line":269,"column":10}}]},"18":{"line":280,"type":"if","locations":[{"start":{"line":280,"column":2},"end":{"line":280,"column":2}},{"start":{"line":280,"column":2},"end":{"line":280,"column":2}}]},"19":{"line":288,"type":"if","locations":[{"start":{"line":288,"column":8},"end":{"line":288,"column":8}},{"start":{"line":288,"column":8},"end":{"line":288,"column":8}}]},"20":{"line":292,"type":"if","locations":[{"start":{"line":292,"column":3},"end":{"line":292,"column":3}},{"start":{"line":292,"column":3},"end":{"line":292,"column":3}}]},"21":{"line":292,"type":"binary-expr","locations":[{"start":{"line":292,"column":6},"end":{"line":292,"column":43}},{"start":{"line":292,"column":47},"end":{"line":292,"column":72}}]},"22":{"line":294,"type":"if","locations":[{"start":{"line":294,"column":10},"end":{"line":294,"column":10}},{"start":{"line":294,"column":10},"end":{"line":294,"column":10}}]},"23":{"line":305,"type":"if","locations":[{"start":{"line":305,"column":2},"end":{"line":305,"column":2}},{"start":{"line":305,"column":2},"end":{"line":305,"column":2}}]},"24":{"line":305,"type":"binary-expr","locations":[{"start":{"line":305,"column":5},"end":{"line":305,"column":22}},{"start":{"line":305,"column":26},"end":{"line":305,"column":52}},{"start":{"line":305,"column":56},"end":{"line":305,"column":69}}]},"25":{"line":307,"type":"if","locations":[{"start":{"line":307,"column":3},"end":{"line":307,"column":3}},{"start":{"line":307,"column":3},"end":{"line":307,"column":3}}]},"26":{"line":312,"type":"if","locations":[{"start":{"line":312,"column":2},"end":{"line":312,"column":2}},{"start":{"line":312,"column":2},"end":{"line":312,"column":2}}]},"27":{"line":312,"type":"binary-expr","locations":[{"start":{"line":312,"column":5},"end":{"line":312,"column":22}},{"start":{"line":312,"column":26},"end":{"line":312,"column":52}},{"start":{"line":312,"column":56},"end":{"line":312,"column":70}}]},"28":{"line":314,"type":"if","locations":[{"start":{"line":314,"column":3},"end":{"line":314,"column":3}},{"start":{"line":314,"column":3},"end":{"line":314,"column":3}}]},"29":{"line":322,"type":"if","locations":[{"start":{"line":322,"column":8},"end":{"line":322,"column":8}},{"start":{"line":322,"column":8},"end":{"line":322,"column":8}}]},"30":{"line":326,"type":"if","locations":[{"start":{"line":326,"column":3},"end":{"line":326,"column":3}},{"start":{"line":326,"column":3},"end":{"line":326,"column":3}}]},"31":{"line":326,"type":"binary-expr","locations":[{"start":{"line":326,"column":6},"end":{"line":326,"column":43}},{"start":{"line":326,"column":47},"end":{"line":326,"column":72}}]},"32":{"line":328,"type":"if","locations":[{"start":{"line":328,"column":10},"end":{"line":328,"column":10}},{"start":{"line":328,"column":10},"end":{"line":328,"column":10}}]},"33":{"line":337,"type":"if","locations":[{"start":{"line":337,"column":3},"end":{"line":337,"column":3}},{"start":{"line":337,"column":3},"end":{"line":337,"column":3}}]},"34":{"line":344,"type":"if","locations":[{"start":{"line":344,"column":2},"end":{"line":344,"column":2}},{"start":{"line":344,"column":2},"end":{"line":344,"column":2}}]},"35":{"line":353,"type":"if","locations":[{"start":{"line":353,"column":2},"end":{"line":353,"column":2}},{"start":{"line":353,"column":2},"end":{"line":353,"column":2}}]},"36":{"line":355,"type":"if","locations":[{"start":{"line":355,"column":3},"end":{"line":355,"column":3}},{"start":{"line":355,"column":3},"end":{"line":355,"column":3}}]},"37":{"line":356,"type":"if","locations":[{"start":{"line":356,"column":3},"end":{"line":356,"column":3}},{"start":{"line":356,"column":3},"end":{"line":356,"column":3}}]},"38":{"line":358,"type":"if","locations":[{"start":{"line":358,"column":10},"end":{"line":358,"column":10}},{"start":{"line":358,"column":10},"end":{"line":358,"column":10}}]},"39":{"line":360,"type":"if","locations":[{"start":{"line":360,"column":10},"end":{"line":360,"column":10}},{"start":{"line":360,"column":10},"end":{"line":360,"column":10}}]},"40":{"line":362,"type":"if","locations":[{"start":{"line":362,"column":10},"end":{"line":362,"column":10}},{"start":{"line":362,"column":10},"end":{"line":362,"column":10}}]},"41":{"line":375,"type":"if","locations":[{"start":{"line":375,"column":8},"end":{"line":375,"column":8}},{"start":{"line":375,"column":8},"end":{"line":375,"column":8}}]},"42":{"line":381,"type":"if","locations":[{"start":{"line":381,"column":8},"end":{"line":381,"column":8}},{"start":{"line":381,"column":8},"end":{"line":381,"column":8}}]},"43":{"line":403,"type":"if","locations":[{"start":{"line":403,"column":4},"end":{"line":403,"column":4}},{"start":{"line":403,"column":4},"end":{"line":403,"column":4}}]},"44":{"line":411,"type":"if","locations":[{"start":{"line":411,"column":3},"end":{"line":411,"column":3}},{"start":{"line":411,"column":3},"end":{"line":411,"column":3}}]},"45":{"line":427,"type":"if","locations":[{"start":{"line":427,"column":8},"end":{"line":427,"column":8}},{"start":{"line":427,"column":8},"end":{"line":427,"column":8}}]},"46":{"line":442,"type":"if","locations":[{"start":{"line":442,"column":8},"end":{"line":442,"column":8}},{"start":{"line":442,"column":8},"end":{"line":442,"column":8}}]}}}}