TN:
SF:C:\Users\Maarja\Documents\Kooliasjad\Magister\Esimene semester\Protsessid ja kvaliteet\Projekt\app\app.js
FN:7,(anonymous_1)
FN:117,(anonymous_2)
FN:129,(anonymous_3)
FN:138,(anonymous_4)
FN:181,(anonymous_5)
FN:194,(anonymous_6)
FN:200,(anonymous_7)
FN:207,(anonymous_8)
FN:211,(anonymous_9)
FN:212,(anonymous_10)
FN:219,(anonymous_11)
FN:225,(anonymous_12)
FN:235,(anonymous_13)
FN:244,(anonymous_14)
FN:261,(anonymous_15)
FN:279,(anonymous_16)
FN:287,(anonymous_17)
FN:304,(anonymous_18)
FN:321,(anonymous_19)
FN:343,(anonymous_20)
FN:351,(anonymous_21)
FN:371,(anonymous_22)
FN:389,(anonymous_23)
FN:395,(anonymous_24)
FN:401,(anonymous_25)
FN:410,(anonymous_26)
FN:419,(anonymous_27)
FN:426,(anonymous_28)
FN:433,(anonymous_29)
FN:441,(anonymous_30)
FN:449,(anonymous_31)
FNF:31
FNH:0
FNDA:0,(anonymous_1)
FNDA:0,(anonymous_2)
FNDA:0,(anonymous_3)
FNDA:0,(anonymous_4)
FNDA:0,(anonymous_5)
FNDA:0,(anonymous_6)
FNDA:0,(anonymous_7)
FNDA:0,(anonymous_8)
FNDA:0,(anonymous_9)
FNDA:0,(anonymous_10)
FNDA:0,(anonymous_11)
FNDA:0,(anonymous_12)
FNDA:0,(anonymous_13)
FNDA:0,(anonymous_14)
FNDA:0,(anonymous_15)
FNDA:0,(anonymous_16)
FNDA:0,(anonymous_17)
FNDA:0,(anonymous_18)
FNDA:0,(anonymous_19)
FNDA:0,(anonymous_20)
FNDA:0,(anonymous_21)
FNDA:0,(anonymous_22)
FNDA:0,(anonymous_23)
FNDA:0,(anonymous_24)
FNDA:0,(anonymous_25)
FNDA:0,(anonymous_26)
FNDA:0,(anonymous_27)
FNDA:0,(anonymous_28)
FNDA:0,(anonymous_29)
FNDA:0,(anonymous_30)
FNDA:0,(anonymous_31)
DA:4,1
DA:9,0
DA:16,0
DA:24,0
DA:31,0
DA:55,0
DA:78,0
DA:79,0
DA:80,0
DA:82,0
DA:84,0
DA:89,0
DA:90,0
DA:92,0
DA:93,0
DA:94,0
DA:95,0
DA:96,0
DA:97,0
DA:98,0
DA:99,0
DA:101,0
DA:102,0
DA:103,0
DA:105,0
DA:106,0
DA:107,0
DA:109,0
DA:111,0
DA:112,0
DA:113,0
DA:114,0
DA:115,0
DA:117,0
DA:119,0
DA:120,0
DA:121,0
DA:124,0
DA:125,0
DA:126,0
DA:127,0
DA:129,0
DA:130,0
DA:131,0
DA:133,0
DA:134,0
DA:135,0
DA:136,0
DA:138,0
DA:139,0
DA:140,0
DA:143,0
DA:144,0
DA:145,0
DA:146,0
DA:181,0
DA:182,0
DA:183,0
DA:184,0
DA:186,0
DA:187,0
DA:188,0
DA:189,0
DA:191,0
DA:192,0
DA:194,0
DA:195,0
DA:200,0
DA:201,0
DA:202,0
DA:204,0
DA:205,0
DA:207,0
DA:209,0
DA:212,0
DA:214,0
DA:219,0
DA:220,0
DA:221,0
DA:225,0
DA:226,0
DA:227,0
DA:229,0
DA:230,0
DA:231,0
DA:232,0
DA:235,0
DA:236,0
DA:237,0
DA:238,0
DA:239,0
DA:240,0
DA:244,0
DA:245,0
DA:246,0
DA:247,0
DA:248,0
DA:249,0
DA:250,0
DA:251,0
DA:252,0
DA:253,0
DA:254,0
DA:255,0
DA:257,0
DA:261,0
DA:262,0
DA:263,0
DA:264,0
DA:266,0
DA:267,0
DA:268,0
DA:269,0
DA:270,0
DA:272,0
DA:273,0
DA:274,0
DA:279,0
DA:280,0
DA:281,0
DA:283,0
DA:287,0
DA:288,0
DA:289,0
DA:291,0
DA:292,0
DA:293,0
DA:294,0
DA:295,0
DA:297,0
DA:298,0
DA:299,0
DA:304,0
DA:305,0
DA:306,0
DA:307,0
DA:308,0
DA:309,0
DA:312,0
DA:313,0
DA:314,0
DA:315,0
DA:316,0
DA:321,0
DA:322,0
DA:323,0
DA:325,0
DA:326,0
DA:327,0
DA:328,0
DA:329,0
DA:331,0
DA:332,0
DA:333,0
DA:336,0
DA:337,0
DA:338,0
DA:343,0
DA:344,0
DA:345,0
DA:347,0
DA:351,0
DA:352,0
DA:353,0
DA:354,0
DA:355,0
DA:356,0
DA:357,0
DA:358,0
DA:359,0
DA:360,0
DA:361,0
DA:362,0
DA:363,0
DA:365,0
DA:367,0
DA:371,0
DA:372,0
DA:374,0
DA:375,0
DA:376,0
DA:378,0
DA:381,0
DA:382,0
DA:384,0
DA:387,0
DA:388,0
DA:389,0
DA:390,0
DA:391,0
DA:395,0
DA:396,0
DA:397,0
DA:399,0
DA:400,0
DA:401,0
DA:402,0
DA:403,0
DA:404,0
DA:409,0
DA:410,0
DA:411,0
DA:412,0
DA:416,0
DA:417,0
DA:418,0
DA:419,0
DA:420,0
DA:421,0
DA:426,0
DA:427,0
DA:428,0
DA:429,0
DA:433,0
DA:434,0
DA:436,0
DA:437,0
DA:438,0
DA:441,0
DA:442,0
DA:443,0
DA:445,0
DA:449,0
DA:451,0
DA:452,0
DA:453,0
LF:226
LH:1
BRDA:119,1,0,0
BRDA:119,1,1,0
BRDA:125,2,0,0
BRDA:125,2,1,0
BRDA:133,3,0,0
BRDA:133,3,1,0
BRDA:183,4,0,0
BRDA:183,4,1,0
BRDA:191,5,0,0
BRDA:191,5,1,0
BRDA:191,6,0,0
BRDA:191,6,1,0
BRDA:220,7,0,0
BRDA:220,7,1,0
BRDA:237,8,0,0
BRDA:237,8,1,0
BRDA:246,9,0,0
BRDA:246,9,1,0
BRDA:248,10,0,0
BRDA:248,10,1,0
BRDA:250,11,0,0
BRDA:250,11,1,0
BRDA:252,12,0,0
BRDA:252,12,1,0
BRDA:254,13,0,0
BRDA:254,13,1,0
BRDA:263,14,0,0
BRDA:263,14,1,0
BRDA:267,15,0,0
BRDA:267,15,1,0
BRDA:267,16,0,0
BRDA:267,16,1,0
BRDA:269,17,0,0
BRDA:269,17,1,0
BRDA:280,18,0,0
BRDA:280,18,1,0
BRDA:288,19,0,0
BRDA:288,19,1,0
BRDA:292,20,0,0
BRDA:292,20,1,0
BRDA:292,21,0,0
BRDA:292,21,1,0
BRDA:294,22,0,0
BRDA:294,22,1,0
BRDA:305,23,0,0
BRDA:305,23,1,0
BRDA:305,24,0,0
BRDA:305,24,1,0
BRDA:305,24,2,0
BRDA:307,25,0,0
BRDA:307,25,1,0
BRDA:312,26,0,0
BRDA:312,26,1,0
BRDA:312,27,0,0
BRDA:312,27,1,0
BRDA:312,27,2,0
BRDA:314,28,0,0
BRDA:314,28,1,0
BRDA:322,29,0,0
BRDA:322,29,1,0
BRDA:326,30,0,0
BRDA:326,30,1,0
BRDA:326,31,0,0
BRDA:326,31,1,0
BRDA:328,32,0,0
BRDA:328,32,1,0
BRDA:337,33,0,0
BRDA:337,33,1,0
BRDA:344,34,0,0
BRDA:344,34,1,0
BRDA:353,35,0,0
BRDA:353,35,1,0
BRDA:355,36,0,0
BRDA:355,36,1,0
BRDA:356,37,0,0
BRDA:356,37,1,0
BRDA:358,38,0,0
BRDA:358,38,1,0
BRDA:360,39,0,0
BRDA:360,39,1,0
BRDA:362,40,0,0
BRDA:362,40,1,0
BRDA:375,41,0,0
BRDA:375,41,1,0
BRDA:381,42,0,0
BRDA:381,42,1,0
BRDA:403,43,0,0
BRDA:403,43,1,0
BRDA:411,44,0,0
BRDA:411,44,1,0
BRDA:427,45,0,0
BRDA:427,45,1,0
BRDA:442,46,0,0
BRDA:442,46,1,0
BRF:94
BRH:0
end_of_record
